[Tue May 10 07:45:39.006995 2016] [mpm_prefork:notice] [pid 1730] AH00163: Apache/2.4.7 (Ubuntu) PHP/5.5.9-1ubuntu4.16 configured -- resuming normal operations
[Tue May 10 07:45:39.007137 2016] [core:notice] [pid 1730] AH00094: Command line: '/usr/sbin/apache2'
[Wed May 11 01:38:21.384178 2016] [mpm_prefork:notice] [pid 1730] AH00169: caught SIGTERM, shutting down
[Wed May 11 09:12:17.833672 2016] [mpm_prefork:notice] [pid 1757] AH00163: Apache/2.4.7 (Ubuntu) PHP/5.5.9-1ubuntu4.16 configured -- resuming normal operations
[Wed May 11 09:12:17.833876 2016] [core:notice] [pid 1757] AH00094: Command line: '/usr/sbin/apache2'
[Wed May 11 11:20:56.292477 2016] [mpm_prefork:notice] [pid 1757] AH00169: caught SIGTERM, shutting down
[Wed May 11 21:44:37.097727 2016] [mpm_prefork:notice] [pid 1625] AH00163: Apache/2.4.7 (Ubuntu) PHP/5.5.9-1ubuntu4.16 configured -- resuming normal operations
[Wed May 11 21:44:37.097932 2016] [core:notice] [pid 1625] AH00094: Command line: '/usr/sbin/apache2'
[Thu May 12 01:44:48.654731 2016] [mpm_prefork:notice] [pid 1625] AH00169: caught SIGTERM, shutting down
[Thu May 12 09:43:58.608563 2016] [mpm_prefork:notice] [pid 1742] AH00163: Apache/2.4.7 (Ubuntu) PHP/5.5.9-1ubuntu4.16 configured -- resuming normal operations
[Thu May 12 09:43:58.608761 2016] [core:notice] [pid 1742] AH00094: Command line: '/usr/sbin/apache2'
[Thu May 12 10:10:06.718846 2016] [mpm_prefork:notice] [pid 1742] AH00169: caught SIGTERM, shutting down
[Thu May 12 13:06:27.539399 2016] [mpm_prefork:notice] [pid 1592] AH00163: Apache/2.4.7 (Ubuntu) PHP/5.5.9-1ubuntu4.16 configured -- resuming normal operations
[Thu May 12 13:06:27.539588 2016] [core:notice] [pid 1592] AH00094: Command line: '/usr/sbin/apache2'
[Fri May 13 16:36:36.618155 2016] [mpm_prefork:notice] [pid 1592] AH00169: caught SIGTERM, shutting down
[Sat May 14 14:24:46.171258 2016] [mpm_prefork:notice] [pid 1603] AH00163: Apache/2.4.7 (Ubuntu) PHP/5.5.9-1ubuntu4.16 configured -- resuming normal operations
[Sat May 14 14:24:46.171444 2016] [core:notice] [pid 1603] AH00094: Command line: '/usr/sbin/apache2'
[Sun May 15 01:28:55.386194 2016] [mpm_prefork:notice] [pid 1603] AH00169: caught SIGTERM, shutting down
[Sun May 15 09:20:43.404191 2016] [mpm_prefork:notice] [pid 1762] AH00163: Apache/2.4.7 (Ubuntu) PHP/5.5.9-1ubuntu4.16 configured -- resuming normal operations
[Sun May 15 09:20:43.404392 2016] [core:notice] [pid 1762] AH00094: Command line: '/usr/sbin/apache2'
[Sun May 15 09:46:24.078642 2016] [mpm_prefork:notice] [pid 1762] AH00171: Graceful restart requested, doing restart
[Sun May 15 09:46:24.189180 2016] [mpm_prefork:notice] [pid 1762] AH00163: Apache/2.4.7 (Ubuntu) PHP/5.5.9-1ubuntu4.16 configured -- resuming normal operations
[Sun May 15 09:46:24.189238 2016] [core:notice] [pid 1762] AH00094: Command line: '/usr/sbin/apache2'
[Mon May 16 01:55:33.479809 2016] [mpm_prefork:notice] [pid 1762] AH00169: caught SIGTERM, shutting down
[Mon May 16 09:42:25.797938 2016] [mpm_prefork:notice] [pid 1554] AH00163: Apache/2.4.7 (Ubuntu) PHP/5.5.9-1ubuntu4.16 configured -- resuming normal operations
[Mon May 16 09:42:25.798131 2016] [core:notice] [pid 1554] AH00094: Command line: '/usr/sbin/apache2'
[Tue May 17 01:03:44.888878 2016] [mpm_prefork:notice] [pid 1554] AH00169: caught SIGTERM, shutting down
[Tue May 17 17:22:03.002140 2016] [mpm_prefork:notice] [pid 1561] AH00163: Apache/2.4.7 (Ubuntu) PHP/5.5.9-1ubuntu4.16 configured -- resuming normal operations
[Tue May 17 17:22:03.002345 2016] [core:notice] [pid 1561] AH00094: Command line: '/usr/sbin/apache2'
[Wed May 18 00:22:35.863178 2016] [mpm_prefork:notice] [pid 1561] AH00169: caught SIGTERM, shutting down
[Wed May 18 10:11:20.398495 2016] [mpm_prefork:notice] [pid 1606] AH00163: Apache/2.4.7 (Ubuntu) PHP/5.5.9-1ubuntu4.16 configured -- resuming normal operations
[Wed May 18 10:11:20.398692 2016] [core:notice] [pid 1606] AH00094: Command line: '/usr/sbin/apache2'
[Wed May 18 10:39:46.214857 2016] [mpm_prefork:notice] [pid 1606] AH00169: caught SIGTERM, shutting down
[Wed May 18 17:07:51.547881 2016] [mpm_prefork:notice] [pid 1604] AH00163: Apache/2.4.7 (Ubuntu) PHP/5.5.9-1ubuntu4.16 configured -- resuming normal operations
[Wed May 18 17:07:51.548106 2016] [core:notice] [pid 1604] AH00094: Command line: '/usr/sbin/apache2'
[Wed May 18 23:43:31.980148 2016] [mpm_prefork:notice] [pid 1604] AH00169: caught SIGTERM, shutting down
[Thu May 19 09:18:22.901099 2016] [mpm_prefork:notice] [pid 1701] AH00163: Apache/2.4.7 (Ubuntu) PHP/5.5.9-1ubuntu4.16 configured -- resuming normal operations
[Thu May 19 09:18:22.911970 2016] [core:notice] [pid 1701] AH00094: Command line: '/usr/sbin/apache2'
[Thu May 19 09:46:42.590135 2016] [mpm_prefork:notice] [pid 1701] AH00169: caught SIGTERM, shutting down
[Thu May 19 13:16:33.636646 2016] [mpm_prefork:notice] [pid 1757] AH00163: Apache/2.4.7 (Ubuntu) PHP/5.5.9-1ubuntu4.16 configured -- resuming normal operations
[Thu May 19 13:16:33.646103 2016] [core:notice] [pid 1757] AH00094: Command line: '/usr/sbin/apache2'
[Thu May 19 14:21:10.286613 2016] [mpm_prefork:notice] [pid 1757] AH00169: caught SIGTERM, shutting down
[Thu May 19 22:43:48.852288 2016] [mpm_prefork:notice] [pid 1610] AH00163: Apache/2.4.7 (Ubuntu) PHP/5.5.9-1ubuntu4.16 configured -- resuming normal operations
[Thu May 19 22:43:48.862859 2016] [core:notice] [pid 1610] AH00094: Command line: '/usr/sbin/apache2'
[Fri May 20 00:18:33.635559 2016] [mpm_prefork:notice] [pid 1610] AH00169: caught SIGTERM, shutting down
[Fri May 20 17:44:41.517684 2016] [mpm_prefork:notice] [pid 1603] AH00163: Apache/2.4.7 (Ubuntu) PHP/5.5.9-1ubuntu4.16 configured -- resuming normal operations
[Fri May 20 17:44:41.535496 2016] [core:notice] [pid 1603] AH00094: Command line: '/usr/sbin/apache2'
[Fri May 20 18:18:48.258485 2016] [mpm_prefork:notice] [pid 1603] AH00169: caught SIGTERM, shutting down
[Sat May 21 13:25:22.925095 2016] [mpm_prefork:notice] [pid 1607] AH00163: Apache/2.4.7 (Ubuntu) PHP/5.5.9-1ubuntu4.16 configured -- resuming normal operations
[Sat May 21 13:25:22.986795 2016] [core:notice] [pid 1607] AH00094: Command line: '/usr/sbin/apache2'
[Sun May 22 10:39:58.798093 2016] [mpm_prefork:notice] [pid 1607] AH00171: Graceful restart requested, doing restart
[Sun May 22 10:39:59.014830 2016] [mpm_prefork:notice] [pid 1607] AH00163: Apache/2.4.7 (Ubuntu) PHP/5.5.9-1ubuntu4.16 configured -- resuming normal operations
[Sun May 22 10:39:59.014915 2016] [core:notice] [pid 1607] AH00094: Command line: '/usr/sbin/apache2'
[Mon May 23 00:29:05.988056 2016] [mpm_prefork:notice] [pid 1607] AH00169: caught SIGTERM, shutting down
